<?xml version="1.0" encoding="UTF-8"?>
<!-- Generated by org.testng.reporters.JUnitXMLReporter -->
<testsuite ignored="0" hostname="DESKTOP-C9LVO4O" failures="1" tests="1" name="My Test" time="0.031" errors="0" timestamp="2024-05-30T14:26:20 IST">
  <testcase classname="testscripts.Base" name="initializeMethod" time="0.0">
    <failure type="org.testng.TestNGException" message="
Parameter &amp;apos;browser&amp;apos; is required by @Test on method initializeMethod but has not been marked @Optional or defined
in C:\Users\lizaj\git\projecttest\GroceryAppProject\extendexcelreport.xml">
      <![CDATA[org.testng.TestNGException: 
Parameter 'browser' is required by @Test on method initializeMethod but has not been marked @Optional or defined
in C:\Users\lizaj\git\projecttest\GroceryAppProject\extendexcelreport.xml
at java.base/java.util.ArrayList.forEach(ArrayList.java:1511)
... Removed 26 stack frames]]>
    </failure>
  </testcase> <!-- initializeMethod -->
</testsuite> <!-- My Test -->
